Listening on 3013!
[0mGET /12445/ [32m200 [0m4.193 ms - 641[0m
[0mGET /12445/style.css [32m200 [0m1.029 ms - 4080[0m
[0mGET /12445/bundle.js [32m200 [0m1.812 ms - 141081[0m
[0mGET /main?id=12445 [32m200 [0m17.530 ms - 1030[0m
[0mGET /paragraph?id=12445 [32m200 [0m2.344 ms - 791[0m
logging id at picture controller => 12445
[0mGET /pictures?id=12445 [32m200 [0m2.356 ms - 526[0m
[0mGET /favicon.ico [36m301 [0m0.889 ms - 189[0m
[0mGET /favicon.ico/ [32m200 [0m0.384 ms - 641[0m
[0mGET /12617/ [32m200 [0m0.381 ms - 641[0m
[0mGET /12617/style.css [32m200 [0m0.646 ms - 4080[0m
[0mGET /12617/bundle.js [32m200 [0m1.357 ms - 141081[0m
[0mGET /main?id=12617 [32m200 [0m2.339 ms - 1035[0m
[0mGET /paragraph?id=12617 [32m200 [0m2.079 ms - 685[0m
logging id at picture controller => 12617
[0mGET /pictures?id=12617 [32m200 [0m2.656 ms - 526[0m
[0mGET /favicon.ico/ [36m304 [0m0.802 ms - -[0m
[0mGET /1261617/ [32m200 [0m0.679 ms - 641[0m
[0mGET /1261617/style.css [32m200 [0m0.952 ms - 4080[0m
[0mGET /1261617/bundle.js [32m200 [0m1.352 ms - 141081[0m
[0mGET /main?id=1261617 [32m200 [0m10.912 ms - 1011[0m
[0mGET /paragraph?id=1261617 [32m200 [0m3.430 ms - 697[0m
logging id at picture controller => 1261617
[0mGET /pictures?id=1261617 [32m200 [0m3.888 ms - 528[0m
[0mGET /favicon.ico/ [36m304 [0m0.288 ms - -[0m
[0mGET /robots.txt [36m301 [0m0.239 ms - 187[0m
[0mPOST /Appe615e022.php [33m404 [0m1.048 ms - 155[0m
[0mGET /webdav/ [32m200 [0m0.400 ms - 641[0m
[0mGET /help.php [36m301 [0m0.196 ms - 183[0m
[0mGET /java.php [36m301 [0m0.168 ms - 183[0m
[0mGET /_query.php [36m301 [0m0.185 ms - 187[0m
[0mGET /test.php [36m301 [0m0.191 ms - 183[0m
[0mGET /db_cts.php [36m301 [0m0.188 ms - 187[0m
[0mGET /db_pma.php [36m301 [0m0.195 ms - 187[0m
[0mGET /logon.php [36m301 [0m0.733 ms - 185[0m
[0mGET /help-e.php [36m301 [0m0.193 ms - 187[0m
[0mGET /license.php [36m301 [0m0.210 ms - 189[0m
[0mGET /log.php [36m301 [0m0.182 ms - 181[0m
[0mGET /hell.php [36m301 [0m0.232 ms - 183[0m
[0mGET /pmd_online.php [36m301 [0m0.176 ms - 195[0m
[0mGET /x.php [36m301 [0m0.202 ms - 177[0m
[0mGET /shell.php [36m301 [0m0.186 ms - 185[0m
[0mGET /htdocs.php [36m301 [0m0.183 ms - 187[0m
[0mGET /b.php [36m301 [0m0.170 ms - 177[0m
[0mGET /sane.php [36m301 [0m0.178 ms - 183[0m
[0mGET /desktop.ini.php [36m301 [0m0.193 ms - 197[0m
[0mGET /z.php [36m301 [0m0.180 ms - 177[0m
[0mGET /lala.php [36m301 [0m0.189 ms - 183[0m
[0mGET /lala-dpr.php [36m301 [0m0.204 ms - 191[0m
[0mGET /wpc.php [36m301 [0m0.185 ms - 181[0m
[0mGET /wpo.php [36m301 [0m0.187 ms - 181[0m
[0mGET /t6nv.php [36m301 [0m0.212 ms - 183[0m
[0mGET /muhstik.php [36m301 [0m0.182 ms - 189[0m
[0mGET /text.php [36m301 [0m0.186 ms - 183[0m
[0mGET /wp-config.php [36m301 [0m0.184 ms - 193[0m
[0mGET /muhstik.php [36m301 [0m0.192 ms - 189[0m
[0mGET /muhstik2.php [36m301 [0m0.195 ms - 191[0m
[0mGET /muhstiks.php [36m301 [0m0.188 ms - 191[0m
[0mGET /muhstik-dpr.php [36m301 [0m0.187 ms - 197[0m
[0mGET /lol.php [36m301 [0m0.195 ms - 181[0m
[0mGET /uploader.php [36m301 [0m0.187 ms - 191[0m
[0mGET /cmd.php [36m301 [0m0.177 ms - 181[0m
[0mGET /cmv.php [36m301 [0m0.188 ms - 181[0m
[0mGET /cmdd.php [36m301 [0m0.208 ms - 183[0m
[0mGET /knal.php [36m301 [0m0.184 ms - 183[0m
[0mGET /cmd.php [36m301 [0m0.189 ms - 181[0m
[0mGET /shell.php [36m301 [0m0.185 ms - 185[0m
[0mGET /appserv.php [36m301 [0m0.187 ms - 189[0m
[0mGET /scripts/setup.php [33m404 [0m0.385 ms - 156[0m
[0mGET /phpmyadmin/scripts/setup.php [33m404 [0m0.386 ms - 167[0m
[0mGET /phpMyAdmin/scripts/setup.php [33m404 [0m0.304 ms - 167[0m
[0mGET /phpmyadmin/scripts/db___.init.php [33m404 [0m0.279 ms - 172[0m
[0mGET /phpMyAdmin/scripts/db___.init.php [33m404 [0m0.660 ms - 172[0m
[0mGET /plugins/weathermap/editor.php [33m404 [0m0.278 ms - 168[0m
[0mGET /cacti/plugins/weathermap/editor.php [33m404 [0m0.310 ms - 174[0m
[0mGET /index.php?s=%2f%69%6e%64%65%78%2f%5c%74%68%69%6e%6b%5c%61%70%70%2f%69%6e%76%6f%6b%65%66%75%6e%63%74%69%6f%6e&function=%63%61%6c%6c%5f%75%73%65%72%5f%66%75%6e%63%5f%61%72%72%61%79&vars[0]=%6d%645&vars[1][]=%48%65%6c%6c%6f%54%68%69%6e%6b%50%48%50 [36m301 [0m0.280 ms - 679[0m
[0mGET /d7.php [36m301 [0m0.208 ms - 179[0m
[0mGET /rxr.php [36m301 [0m0.188 ms - 181[0m
[0mGET /1x.php [36m301 [0m0.203 ms - 179[0m
[0mGET /home.php [36m301 [0m0.179 ms - 183[0m
[0mGET /undx.php [36m301 [0m0.180 ms - 183[0m
[0mGET /spider.php [36m301 [0m0.189 ms - 187[0m
[0mGET /payload.php [36m301 [0m0.185 ms - 189[0m
[0mGET /composers.php [36m301 [0m0.180 ms - 193[0m
[0mGET /izom.php [36m301 [0m0.179 ms - 183[0m
[0mGET /composer.php [36m301 [0m0.186 ms - 191[0m
[0mGET /hue2.php [36m301 [0m0.192 ms - 183[0m
[0mGET /Drupal.php [36m301 [0m0.184 ms - 187[0m
[0mGET /lang.php?f=1 [36m301 [0m0.196 ms - 191[0m
[0mGET /izom.php [36m301 [0m0.188 ms - 183[0m
[0mGET /payload.php [36m301 [0m0.190 ms - 189[0m
[0mGET /new_license.php [36m301 [0m0.186 ms - 197[0m
[0mGET /images/!.php [33m404 [0m0.280 ms - 151[0m
[0mGET /images/vuln.php [33m404 [0m0.272 ms - 154[0m
[0mGET /hd.php [36m301 [0m0.198 ms - 179[0m
[0mGET /images/up.php [33m404 [0m0.278 ms - 152[0m
[0mGET /images/attari.php [33m404 [0m0.283 ms - 156[0m
[0mGET /images/jsspwneed.php [33m404 [0m0.277 ms - 159[0m
[0mGET /images/stories/cmd.php [33m404 [0m0.285 ms - 161[0m
[0mGET /images/stories/filemga.php?ssp=RfVbHu [33m404 [0m0.292 ms - 165[0m
[0mGET /up.php [36m301 [0m0.194 ms - 179[0m
[0mGET /huoshan.php [36m301 [0m0.187 ms - 189[0m
[0mGET /laravel.php [36m301 [0m0.186 ms - 189[0m
[0mGET /yu.php [36m301 [0m0.185 ms - 179[0m
[0mGET /wp-content/plugins/si-captcha-for-wordpress/captcha/ttffonts/theme.php?up=1 [33m404 [0m0.320 ms - 209[0m
[0mPOST /wuwu11.php [33m404 [0m0.328 ms - 150[0m
[0mPOST /xw.php [33m404 [0m0.649 ms - 146[0m
[0mPOST /xw1.php [33m404 [0m0.297 ms - 147[0m
[0mPOST /9678.php [33m404 [0m0.237 ms - 148[0m
[0mPOST /wc.php [33m404 [0m0.243 ms - 146[0m
[0mPOST /xx.php [33m404 [0m0.240 ms - 146[0m
[0mPOST /xx.php [33m404 [0m0.261 ms - 146[0m
[0mPOST /s.php [33m404 [0m0.287 ms - 145[0m
[0mPOST /w.php [33m404 [0m0.236 ms - 145[0m
[0mPOST /sheep.php [33m404 [0m0.236 ms - 149[0m
[0mPOST /qaq.php [33m404 [0m0.246 ms - 147[0m
[0mPOST /my.php [33m404 [0m0.267 ms - 146[0m
[0mPOST /qq.php [33m404 [0m0.296 ms - 146[0m
[0mPOST /aaa.php [33m404 [0m0.271 ms - 147[0m
[0mPOST /hhh.php [33m404 [0m0.272 ms - 147[0m
[0mPOST /jjj.php [33m404 [0m0.264 ms - 147[0m
[0mPOST /vvv.php [33m404 [0m0.241 ms - 147[0m
[0mPOST /www.php [33m404 [0m0.232 ms - 147[0m
[0mPOST /ffr.php [33m404 [0m0.239 ms - 147[0m
[0mPOST /411.php [33m404 [0m0.263 ms - 147[0m
[0mPOST /415.php [33m404 [0m0.243 ms - 147[0m
[0mPOST /421.php [33m404 [0m0.250 ms - 147[0m
[0mPOST /444.php [33m404 [0m0.228 ms - 147[0m
[0mPOST /a411.php [33m404 [0m0.279 ms - 148[0m
[0mPOST /whoami.php [33m404 [0m0.276 ms - 150[0m
[0mPOST /whoami.php.php [33m404 [0m0.248 ms - 154[0m
[0mPOST /9.php [33m404 [0m0.279 ms - 145[0m
[0mPOST /98k.php [33m404 [0m0.243 ms - 147[0m
[0mPOST /981.php [33m404 [0m0.236 ms - 147[0m
[0mPOST /887.php [33m404 [0m0.260 ms - 147[0m
[0mPOST /888.php [33m404 [0m0.314 ms - 147[0m
[0mPOST /aa.php [33m404 [0m0.234 ms - 146[0m
[0mPOST /bb.php [33m404 [0m0.258 ms - 146[0m
[0mPOST /pp.php [33m404 [0m0.250 ms - 146[0m
[0mPOST /tt.php [33m404 [0m0.233 ms - 146[0m
[0mPOST /bbq.php [33m404 [0m0.283 ms - 147[0m
[0mPOST /jj1.php [33m404 [0m0.277 ms - 147[0m
[0mPOST /jbb.php [33m404 [0m0.303 ms - 147[0m
[0mPOST /7o.php [33m404 [0m0.241 ms - 146[0m
[0mPOST /qwq.php [33m404 [0m0.236 ms - 147[0m
[0mPOST /nb.php [33m404 [0m0.249 ms - 146[0m
[0mPOST /kpl.php [33m404 [0m0.274 ms - 147[0m
[0mPOST /hgx.php [33m404 [0m0.231 ms - 147[0m
[0mPOST /ppl.php [33m404 [0m0.217 ms - 147[0m
[0mPOST /tty.php [33m404 [0m0.242 ms - 147[0m
[0mPOST /ooi.php [33m404 [0m0.255 ms - 147[0m
[0mPOST /aap.php [33m404 [0m0.246 ms - 147[0m
[0mPOST /app.php [33m404 [0m0.270 ms - 147[0m
[0mPOST /bbr.php [33m404 [0m0.238 ms - 147[0m
[0mPOST /ioi.php [33m404 [0m0.273 ms - 147[0m
[0mPOST /uuu.php [33m404 [0m0.231 ms - 147[0m
[0mPOST /yyy.php [33m404 [0m0.240 ms - 147[0m
[0mPOST /ack.php [33m404 [0m0.233 ms - 147[0m
[0mPOST /shh.php [33m404 [0m0.266 ms - 147[0m
[0mPOST /ddd.php [33m404 [0m0.234 ms - 147[0m
[0mPOST /nnn.php [33m404 [0m0.239 ms - 147[0m
[0mPOST /rrr.php [33m404 [0m0.272 ms - 147[0m
[0mPOST /ttt.php [33m404 [0m0.235 ms - 147[0m
[0mPOST /bbqq.php [33m404 [0m0.271 ms - 148[0m
[0mPOST /tyrant.php [33m404 [0m0.268 ms - 150[0m
[0mPOST /qiqi.php [33m404 [0m0.239 ms - 148[0m
[0mPOST /qiqi1.php [33m404 [0m0.235 ms - 149[0m
[0mPOST /zhk.php [33m404 [0m0.234 ms - 147[0m
[0mPOST /bbv.php [33m404 [0m0.245 ms - 147[0m
[0mPOST /605.php [33m404 [0m0.261 ms - 147[0m
[0mPOST /admin1.php [33m404 [0m0.243 ms - 150[0m
[0mPOST /xi.php [33m404 [0m0.233 ms - 146[0m
[0mPOST /999.php [33m404 [0m0.228 ms - 147[0m
[0mPOST /jsc.php.php [33m404 [0m0.272 ms - 151[0m
[0mPOST /my.php [33m404 [0m0.232 ms - 146[0m
[0mPOST /aa.php [33m404 [0m0.274 ms - 146[0m
[0mPOST /qq.php [33m404 [0m0.236 ms - 146[0m
[0mPOST /config.php [33m404 [0m0.266 ms - 150[0m
[0mPOST /1.php [33m404 [0m0.227 ms - 145[0m
[0mPOST /1.php [33m404 [0m0.240 ms - 145[0m
[0mPOST /miao.php [33m404 [0m0.246 ms - 148[0m
[0mPOST /j.php [33m404 [0m0.232 ms - 145[0m
[0mPOST /cc.php [33m404 [0m0.292 ms - 146[0m
[0mPOST /xiaodai.php [33m404 [0m0.254 ms - 151[0m
[0mPOST /db.init.php [33m404 [0m0.223 ms - 151[0m
[0mPOST /db_session.init.php [33m404 [0m0.251 ms - 159[0m
[0mPOST /db__.init.php [33m404 [0m0.311 ms - 153[0m
[0mPOST /wp-admins.php [33m404 [0m0.280 ms - 153[0m
[0mPOST /m.php?pbid=open [33m404 [0m0.256 ms - 145[0m
[0mPOST /error.php [33m404 [0m0.232 ms - 149[0m
[0mPOST /099.php [33m404 [0m0.229 ms - 147[0m
[0mPOST /_404.php [33m404 [0m0.237 ms - 148[0m
[0mPOST /Alarg53.php [33m404 [0m0.264 ms - 151[0m
[0mPOST /lapan.php [33m404 [0m0.235 ms - 149[0m
[0mPOST /p34ky1337.php [33m404 [0m0.265 ms - 153[0m
[0mPOST /pk1914.php [33m404 [0m0.238 ms - 150[0m
[0mPOST /sllolx.php [33m404 [0m0.265 ms - 150[0m
[0mPOST /Skri.php [33m404 [0m0.304 ms - 148[0m
[0mPOST /db_dataml.php [33m404 [0m0.259 ms - 153[0m
[0mPOST /db_desql.php [33m404 [0m0.242 ms - 152[0m
[0mPOST /mx.php [33m404 [0m0.249 ms - 146[0m
[0mPOST /wshell.php [33m404 [0m0.263 ms - 150[0m
[0mPOST /xshell.php [33m404 [0m0.247 ms - 150[0m
[0mPOST /qq.php [33m404 [0m0.274 ms - 146[0m
[0mPOST /conflg.php [33m404 [0m0.239 ms - 150[0m
[0mPOST /conflg.php [33m404 [0m0.235 ms - 150[0m
[0mPOST /lindex.php [33m404 [0m0.254 ms - 150[0m
[0mPOST /phpstudy.php [33m404 [0m0.276 ms - 152[0m
[0mPOST /phpStudy.php [33m404 [0m0.243 ms - 152[0m
[0mPOST /weixiao.php [33m404 [0m0.272 ms - 151[0m
[0mPOST /feixiang.php [33m404 [0m2.277 ms - 152[0m
[0mPOST /ak47.php [33m404 [0m0.241 ms - 148[0m
[0mPOST /ak48.php [33m404 [0m0.240 ms - 148[0m
[0mPOST /xiao.php [33m404 [0m0.241 ms - 148[0m
[0mPOST /yao.php [33m404 [0m0.237 ms - 147[0m
[0mPOST /defect.php [33m404 [0m0.266 ms - 150[0m
[0mPOST /webslee.php [33m404 [0m0.240 ms - 151[0m
[0mPOST /q.php [33m404 [0m0.262 ms - 145[0m
[0mPOST /pe.php [33m404 [0m0.245 ms - 146[0m
[0mPOST /hm.php [33m404 [0m0.277 ms - 146[0m
[0mPOST /sz.php [33m404 [0m0.716 ms - 146[0m
[0mPOST /cainiao.php [33m404 [0m0.290 ms - 151[0m
[0mPOST /zuoshou.php [33m404 [0m0.240 ms - 151[0m
[0mPOST /zuo.php [33m404 [0m0.255 ms - 147[0m
[0mPOST /aotu.php [33m404 [0m0.239 ms - 148[0m
[0mPOST /aotu7.php [33m404 [0m0.232 ms - 149[0m
[0mPOST /cmd.php [33m404 [0m0.260 ms - 147[0m
[0mPOST /cmd.php [33m404 [0m0.238 ms - 147[0m
[0mPOST /bak.php [33m404 [0m0.236 ms - 147[0m
[0mPOST /system.php [33m404 [0m0.233 ms - 150[0m
[0mPOST /l6.php [33m404 [0m0.263 ms - 146[0m
[0mPOST /l7.php [33m404 [0m0.236 ms - 146[0m
[0mPOST /l8.php [33m404 [0m0.276 ms - 146[0m
[0mPOST /q.php [33m404 [0m0.271 ms - 145[0m
[0mPOST /56.php [33m404 [0m0.238 ms - 146[0m
[0mPOST /mz.php [33m404 [0m0.243 ms - 146[0m
[0mPOST /yumo.php [33m404 [0m0.249 ms - 148[0m
[0mPOST /min.php [33m404 [0m0.305 ms - 147[0m
[0mPOST /wan.php [33m404 [0m0.251 ms - 147[0m
[0mPOST /wanan.php [33m404 [0m0.247 ms - 149[0m
[0mPOST /ssaa.php [33m404 [0m0.229 ms - 148[0m
[0mPOST /ssaa.php [33m404 [0m0.230 ms - 148[0m
[0mPOST /qq.php [33m404 [0m0.299 ms - 146[0m
[0mPOST /aw.php [33m404 [0m0.255 ms - 146[0m
[0mPOST /12.php [33m404 [0m0.260 ms - 146[0m
[0mPOST /hh.php [33m404 [0m0.239 ms - 146[0m
[0mPOST /ak.php [33m404 [0m0.269 ms - 146[0m
[0mPOST /ip.php [33m404 [0m0.249 ms - 146[0m
[0mPOST /infoo.php [33m404 [0m0.247 ms - 149[0m
[0mPOST /qwe.php [33m404 [0m0.240 ms - 147[0m
[0mPOST /1213.php [33m404 [0m0.271 ms - 148[0m
[0mPOST /post.php [33m404 [0m0.227 ms - 148[0m
[0mPOST /aaaa.php [33m404 [0m0.238 ms - 148[0m
[0mPOST /h1.php [33m404 [0m0.237 ms - 146[0m
[0mPOST /test.php [33m404 [0m0.262 ms - 148[0m
[0mPOST /3.php [33m404 [0m0.276 ms - 145[0m
[0mPOST /4.php [33m404 [0m0.230 ms - 145[0m
[0mPOST /phpinfi.php [33m404 [0m0.263 ms - 151[0m
[0mPOST /9510.php [33m404 [0m0.266 ms - 148[0m
[0mPOST /python.php [33m404 [0m2.830 ms - 150[0m
[0mPOST /default.php [33m404 [0m0.258 ms - 151[0m
[0mPOST /sean.php [33m404 [0m0.227 ms - 148[0m
[0mPOST /app.php [33m404 [0m0.230 ms - 147[0m
[0mPOST /help.php [33m404 [0m0.227 ms - 148[0m
[0mPOST /tiandi.php [33m404 [0m0.273 ms - 150[0m
[0mPOST /xz.php [33m404 [0m0.231 ms - 146[0m
[0mPOST /beimeng.php [33m404 [0m0.240 ms - 151[0m
[0mPOST /linuxse.php [33m404 [0m0.235 ms - 151[0m
[0mPOST /zuoindex.php [33m404 [0m0.266 ms - 152[0m
[0mPOST /zshmindex.php [33m404 [0m0.269 ms - 153[0m
[0mPOST /tomcat.php [33m404 [0m0.237 ms - 150[0m
[0mPOST /ceshi.php [33m404 [0m0.259 ms - 149[0m
[0mPOST /1hou.php [33m404 [0m0.238 ms - 148[0m
[0mPOST /ou2.php [33m404 [0m0.290 ms - 147[0m
[0mPOST /zuos.php [33m404 [0m4.482 ms - 148[0m
[0mPOST /zuoss.php [33m404 [0m0.258 ms - 149[0m
[0mPOST /zuoshss.php [33m404 [0m0.219 ms - 151[0m
[0mPOST /789056.php [33m404 [0m0.236 ms - 150[0m
[0mPOST /abc776.php [33m404 [0m0.246 ms - 150[0m
[0mPOST /afafaf.php [33m404 [0m0.219 ms - 150[0m
[0mPOST /jyyy.php [33m404 [0m0.273 ms - 148[0m
[0mPOST /ooo23.php [33m404 [0m0.263 ms - 149[0m
[0mPOST /htfr.php [33m404 [0m0.228 ms - 148[0m
[0mPOST /boots.php [33m404 [0m0.259 ms - 149[0m
[0mPOST /she.php [33m404 [0m0.233 ms - 147[0m
[0mPOST /s.php [33m404 [0m0.238 ms - 145[0m
[0mPOST /qw.php [33m404 [0m0.224 ms - 146[0m
[0mPOST /test.php [33m404 [0m0.258 ms - 148[0m
[0mPOST /caonma.php [33m404 [0m0.252 ms - 150[0m
[0mPOST /wcp.php [33m404 [0m0.236 ms - 147[0m
[0mPOST /u.php [33m404 [0m0.230 ms - 145[0m
[0mPOST /uuu.php [33m404 [0m0.240 ms - 147[0m
[0mPOST /sss.php [33m404 [0m0.231 ms - 147[0m
[0mPOST /ooo.php [33m404 [0m0.290 ms - 147[0m
[0mPOST /ss.php [33m404 [0m0.251 ms - 146[0m
[0mPOST /ss.php [33m404 [0m0.267 ms - 146[0m
[0mPOST /sss.php [33m404 [0m0.269 ms - 147[0m
[0mPOST /mazi.php [33m404 [0m0.258 ms - 148[0m
[0mPOST /phpini.php [33m404 [0m0.233 ms - 150[0m
[0mPOST /1.php [33m404 [0m0.230 ms - 145[0m
[0mPOST /2.php [33m404 [0m0.225 ms - 145[0m
[0mPOST /core.php [33m404 [0m0.256 ms - 148[0m
[0mPOST /qaz.php [33m404 [0m0.264 ms - 147[0m
[0mPOST /sha.php [33m404 [0m0.238 ms - 147[0m
[0mPOST /ppx.php [33m404 [0m0.253 ms - 147[0m
[0mPOST /confg.php [33m404 [0m0.237 ms - 149[0m
[0mPOST /conf1g.php [33m404 [0m0.265 ms - 150[0m
[0mPOST /confg.php [33m404 [0m0.233 ms - 149[0m
[0mPOST /confg.php [33m404 [0m0.271 ms - 149[0m
[0mPOST /confg.php [33m404 [0m0.244 ms - 149[0m
[0mPOST /ver.php [33m404 [0m0.263 ms - 147[0m
[0mPOST /hack.php [33m404 [0m0.223 ms - 148[0m
[0mPOST /hack.php [33m404 [0m0.239 ms - 148[0m
[0mPOST /qa.php [33m404 [0m0.224 ms - 146[0m
[0mPOST /Ss.php [33m404 [0m0.238 ms - 146[0m
[0mPOST /xxx.php [33m404 [0m0.274 ms - 147[0m
[0mPOST /92.php [33m404 [0m0.229 ms - 146[0m
[0mPOST /z.php [33m404 [0m0.228 ms - 145[0m
[0mPOST /x.php [33m404 [0m0.266 ms - 145[0m
[0mPOST /dexgp.php [33m404 [0m0.272 ms - 149[0m
[0mPOST /nuoxi.php [33m404 [0m0.237 ms - 149[0m
[0mPOST /godkey.php [33m404 [0m0.231 ms - 150[0m
[0mPOST /okokok.php [33m404 [0m0.256 ms - 150[0m
[0mPOST /erwa.php [33m404 [0m0.232 ms - 148[0m
[0mPOST /pma.php [33m404 [0m0.246 ms - 147[0m
[0mPOST /ruyi.php [33m404 [0m0.259 ms - 148[0m
[0mPOST /51314.php [33m404 [0m0.255 ms - 149[0m
[0mPOST /5201314.php [33m404 [0m0.244 ms - 151[0m
[0mPOST /fusheng.php [33m404 [0m0.259 ms - 151[0m
[0mPOST /general.php [33m404 [0m0.300 ms - 151[0m
[0mPOST /repeat.php [33m404 [0m0.228 ms - 150[0m
[0mPOST /ldw.php [33m404 [0m4.000 ms - 147[0m
[0mPOST /api.php [33m404 [0m0.626 ms - 147[0m
[0mPOST /s1.php [33m404 [0m0.266 ms - 146[0m
[0mPOST /hello.php [33m404 [0m0.236 ms - 149[0m
[0mPOST /hello.php [33m404 [0m0.250 ms - 149[0m
[0mPOST /admn.php [33m404 [0m0.223 ms - 148[0m
[0mPOST /hell.php [33m404 [0m0.242 ms - 148[0m
[0mPOST /hell.php [33m404 [0m0.224 ms - 148[0m
[0mPOST /xp.php [33m404 [0m0.210 ms - 146[0m
[0mPOST /1.php [33m404 [0m5.551 ms - 145[0m
[0mPOST /2.php [33m404 [0m0.227 ms - 145[0m
[0mPOST /p.php [33m404 [0m0.252 ms - 145[0m
[0mPOST /1.php [33m404 [0m0.212 ms - 145[0m
[0mPOST /a.php [33m404 [0m0.214 ms - 145[0m
[0mPOST /m.php [33m404 [0m0.236 ms - 145[0m
[0mPOST /conf.php [33m404 [0m0.254 ms - 148[0m
[0mPOST /123.php [33m404 [0m0.218 ms - 147[0m
[0mPOST /1234.php [33m404 [0m0.214 ms - 148[0m
[0mPOST /HX.php [33m404 [0m0.262 ms - 146[0m
[0mPOST /diy.php [33m404 [0m0.221 ms - 147[0m
[0mPOST /666.php [33m404 [0m0.264 ms - 147[0m
[0mPOST /777.php [33m404 [0m0.209 ms - 147[0m
[0mPOST /qwq.php [33m404 [0m0.211 ms - 147[0m
[0mPOST /qwqw.php [33m404 [0m0.235 ms - 148[0m
[0mPOST /.php [33m404 [0m0.221 ms - 144[0m
[0mPOST /infos.php [33m404 [0m0.236 ms - 149[0m
[0mPOST /x.php [33m404 [0m0.208 ms - 145[0m
[0mPOST /lucky.php [33m404 [0m0.241 ms - 149[0m
[0mPOST /zzk.php [33m404 [0m0.208 ms - 147[0m
[0mPOST /toor.php [33m404 [0m0.248 ms - 148[0m
[0mPOST /uu.php [33m404 [0m0.217 ms - 146[0m
[0mPOST /a.php [33m404 [0m0.236 ms - 145[0m
[0mPOST /aaa.php [33m404 [0m0.293 ms - 147[0m
[0mPOST /wb.php [33m404 [0m0.192 ms - 146[0m
[0mPOST /yj.php [33m404 [0m0.229 ms - 146[0m
[0mPOST /z.php [33m404 [0m0.200 ms - 145[0m
[0mPOST /7.php [33m404 [0m0.221 ms - 145[0m
[0mPOST /xiaoma.php [33m404 [0m0.244 ms - 150[0m
[0mPOST /xiaomae.php [33m404 [0m0.212 ms - 151[0m
[0mPOST /xiaomar.php [33m404 [0m0.214 ms - 151[0m
[0mPOST /qq.php [33m404 [0m0.208 ms - 146[0m
[0mPOST /data.php [33m404 [0m0.247 ms - 148[0m
[0mPOST /log.php [33m404 [0m0.243 ms - 147[0m
[0mPOST /fack.php [33m404 [0m0.218 ms - 148[0m
[0mPOST /angge.php [33m404 [0m0.250 ms - 149[0m
[0mPOST /cxfm666.php [33m404 [0m0.221 ms - 151[0m
[0mPOST /db.php [33m404 [0m0.274 ms - 146[0m
[0mPOST /hacly.php [33m404 [0m0.210 ms - 149[0m
[0mPOST /xiaomo.php [33m404 [0m0.216 ms - 150[0m
[0mPOST /xiaoyu.php [33m404 [0m0.239 ms - 150[0m
[0mPOST /xiaohei.php [33m404 [0m0.241 ms - 151[0m
[0mPOST /qq5262.php [33m404 [0m0.208 ms - 150[0m
[0mPOST /lost.php [33m404 [0m4.917 ms - 148[0m
[0mPOST /php.php [33m404 [0m0.245 ms - 147[0m
[0mPOST /win.php [33m404 [0m0.207 ms - 147[0m
[0mPOST /win1.php [33m404 [0m3.131 ms - 148[0m
[0mPOST /linux.php [33m404 [0m0.248 ms - 149[0m
[0mPOST /linux1.php [33m404 [0m0.194 ms - 150[0m
[0mPOST /CC.php [33m404 [0m0.197 ms - 146[0m
[0mPOST /x.php [33m404 [0m0.559 ms - 145[0m
[0mPOST /lanke.php [33m404 [0m0.207 ms - 149[0m
[0mPOST /neko.php [33m404 [0m0.228 ms - 148[0m
[0mPOST /super.php [33m404 [0m0.209 ms - 149[0m
[0mPOST /cer.php [33m404 [0m0.227 ms - 147[0m
[0mPOST /cere.php [33m404 [0m0.220 ms - 148[0m
[0mPOST /aaa.php [33m404 [0m0.239 ms - 147[0m
[0mPOST /Administrator.php [33m404 [0m0.212 ms - 157[0m
[0mPOST /liangchen.php [33m404 [0m0.248 ms - 153[0m
[0mPOST /lucky.php [33m404 [0m0.237 ms - 149[0m
[0mPOST /meng.php [33m404 [0m0.200 ms - 148[0m
[0mPOST /no.php [33m404 [0m0.205 ms - 146[0m
[0mPOST /mysql.php [33m404 [0m0.201 ms - 149[0m
[0mPOST /Updata.php [33m404 [0m0.239 ms - 150[0m
[0mPOST /xxxx.php [33m404 [0m0.204 ms - 148[0m
[0mPOST /guai.php [33m404 [0m0.214 ms - 148[0m
[0mPOST /ljb.php [33m404 [0m0.213 ms - 147[0m
[0mPOST /www.php [33m404 [0m0.221 ms - 147[0m
[0mPOST /1.php [33m404 [0m0.243 ms - 145[0m
[0mPOST /chaoda.php [33m404 [0m0.207 ms - 150[0m
[0mPOST /qq.php [33m404 [0m0.245 ms - 146[0m
[0mPOST /vuln.php [33m404 [0m0.204 ms - 148[0m
[0mPOST /vuln1.php [33m404 [0m0.254 ms - 149[0m
[0mPOST /orange.php [33m404 [0m0.206 ms - 150[0m
[0mPOST /erba.php [33m404 [0m0.196 ms - 148[0m
[0mPOST /link.php [33m404 [0m0.219 ms - 148[0m
[0mPOST /linkr.php [33m404 [0m0.250 ms - 149[0m
[0mPOST /linkx.php [33m404 [0m0.205 ms - 149[0m
[0mPOST /kvast.php [33m404 [0m0.201 ms - 149[0m
[0mPOST /xiaobin.php [33m404 [0m0.211 ms - 151[0m
[0mPOST /ppp.php [33m404 [0m0.209 ms - 147[0m
[0mPOST /ppp.php [33m404 [0m0.239 ms - 147[0m
[0mPOST /lm.php [33m404 [0m0.194 ms - 146[0m
[0mPOST /zzz.php [33m404 [0m0.190 ms - 147[0m
[0mPOST /520.php [33m404 [0m0.206 ms - 147[0m
[0mPOST /jkl.php [33m404 [0m0.243 ms - 147[0m
[0mPOST /lmn.php [33m404 [0m0.200 ms - 147[0m
[0mPOST /bx.php [33m404 [0m0.214 ms - 146[0m
[0mPOST /Moxin.PHP [33m404 [0m0.641 ms - 149[0m
[0mPOST /g.php [33m404 [0m0.212 ms - 145[0m
[0mPOST /CCC.PHP [33m404 [0m0.203 ms - 147[0m
[0mPOST /CCCC.PHP [33m404 [0m0.205 ms - 148[0m
[0mPOST /mobai.PHP [33m404 [0m0.239 ms - 149[0m
[0mPOST /avast.php [33m404 [0m0.205 ms - 149[0m
[0mPOST /abc.php [33m404 [0m0.209 ms - 147[0m
[0mPOST /Pings.php [33m404 [0m0.203 ms - 149[0m
[0mPOST /123.php [33m404 [0m0.210 ms - 147[0m
[0mPOST /log.php [33m404 [0m0.266 ms - 147[0m
[0mPOST /log.php [33m404 [0m0.207 ms - 147[0m
[0mPOST /log1.php [33m404 [0m0.198 ms - 148[0m
[0mPOST /alipay.php [33m404 [0m0.214 ms - 150[0m
[0mPOST /vf.php [33m404 [0m0.239 ms - 146[0m
[0mPOST /tianqi.php [33m404 [0m0.206 ms - 150[0m
[0mPOST /can.php [33m404 [0m0.198 ms - 147[0m
[0mPOST /can.php [33m404 [0m0.206 ms - 147[0m
[0mPOST /dns.php [33m404 [0m0.211 ms - 147[0m
[0mPOST /dns.php [33m404 [0m0.235 ms - 147[0m
[0mPOST /cmd.php [33m404 [0m0.199 ms - 147[0m
[0mPOST /juji.php [33m404 [0m0.201 ms - 148[0m
[0mPOST /n24.php [33m404 [0m0.206 ms - 147[0m
[0mPOST /temp.php [33m404 [0m0.234 ms - 148[0m
[0mPOST /jiaochi.php [33m404 [0m0.202 ms - 151[0m
[0mPOST /ganzhuolang.php [33m404 [0m0.238 ms - 155[0m
[0mPOST /987.php [33m404 [0m0.239 ms - 147[0m
[0mPOST /h156.php [33m404 [0m0.207 ms - 148[0m
[0mPOST /666666.php [33m404 [0m0.239 ms - 150[0m
[0mPOST /xh.php [33m404 [0m0.207 ms - 146[0m
[0mPOST /key.php [33m404 [0m0.190 ms - 147[0m
[0mPOST /jb.php [33m404 [0m0.248 ms - 146[0m
[0mPOST /duke.php [33m404 [0m0.203 ms - 148[0m
[0mPOST /llld.php [33m404 [0m0.261 ms - 148[0m
[0mPOST /404.php [33m404 [0m0.206 ms - 147[0m
[0mPOST /jy.php [33m404 [0m0.232 ms - 146[0m
[0mPOST /123.php [33m404 [0m0.237 ms - 147[0m
[0mPOST /v.php [33m404 [0m0.208 ms - 145[0m
[0mPOST /luoke.php [33m404 [0m0.196 ms - 149[0m
[0mPOST /nidage.php [33m404 [0m0.243 ms - 150[0m
[0mPOST /sanan.php [33m404 [0m0.235 ms - 149[0m
[0mPOST /02.php [33m404 [0m0.245 ms - 146[0m
[0mPOST /ddd.php [33m404 [0m0.233 ms - 147[0m
[0mPOST /mo.php [33m404 [0m0.204 ms - 146[0m
[0mPOST /sbkc.php [33m404 [0m0.231 ms - 148[0m
[0mPOST /sbkcb.php [33m404 [0m0.240 ms - 149[0m
[0mPOST /cnm.php [33m404 [0m0.259 ms - 147[0m
[0mPOST /tests.php [33m404 [0m0.247 ms - 149[0m
[0mPOST /luoran.php [33m404 [0m0.233 ms - 150[0m
[0mPOST /luoran6.php [33m404 [0m0.198 ms - 151[0m
[0mPOST /asen.php [33m404 [0m0.209 ms - 148[0m
[0mPOST /fx.php [33m404 [0m0.232 ms - 146[0m
[0mPOST /hl.php [33m404 [0m0.242 ms - 146[0m
[0mPOST /1556189185.php [33m404 [0m0.204 ms - 154[0m
[0mPOST /que.php [33m404 [0m0.229 ms - 147[0m
[0mPOST /shanzhi.php [33m404 [0m0.211 ms - 151[0m
[0mPOST /yc.php [33m404 [0m0.232 ms - 146[0m
[0mPOST /ycc.php [33m404 [0m0.217 ms - 147[0m
[0mPOST /yccc.php [33m404 [0m0.203 ms - 148[0m
[0mPOST /lr.php [33m404 [0m0.272 ms - 146[0m
[0mPOST /lr.php [33m404 [0m0.205 ms - 146[0m
[0mPOST /2.php [33m404 [0m0.246 ms - 145[0m
[0mPOST /xixi.php [33m404 [0m0.197 ms - 148[0m
[0mPOST /qiqi.php [33m404 [0m0.243 ms - 148[0m
[0mPOST /qiqi11.php [33m404 [0m0.199 ms - 150[0m
[0mPOST /ruii.php [33m404 [0m0.241 ms - 148[0m
[0mPOST /ci.php [33m404 [0m0.213 ms - 146[0m
[0mPOST /mutuba.php [33m404 [0m0.206 ms - 150[0m
[0mPOST /taocishun.php [33m404 [0m0.240 ms - 153[0m
[0mPOST /gg.php [33m404 [0m0.242 ms - 146[0m
[0mPOST /xiong.php [33m404 [0m4.918 ms - 149[0m
[0mPOST /jing.php [33m404 [0m0.232 ms - 148[0m
[0mPOST /ganshiqiang.php [33m404 [0m0.192 ms - 155[0m
[0mPOST /n23.php [33m404 [0m0.199 ms - 147[0m
[0mPOST /infos.php [33m404 [0m0.234 ms - 149[0m
[0mPOST /api.php [33m404 [0m0.191 ms - 147[0m
[0mPOST /zxc.php [33m404 [0m0.242 ms - 147[0m
[0mPOST /sqlk.php [33m404 [0m0.190 ms - 148[0m
[0mPOST /xx33.php [33m404 [0m0.198 ms - 148[0m
[0mPOST /aotian.php [33m404 [0m0.201 ms - 150[0m
[0mPOST /buluya.php [33m404 [0m0.236 ms - 150[0m
[0mPOST /oumi.php [33m404 [0m0.251 ms - 148[0m
[0mPOST /qiangkezhi.php [33m404 [0m0.210 ms - 154[0m
[0mPOST /ce.PHP [33m404 [0m0.195 ms - 146[0m
[0mPOST /cs.php [33m404 [0m0.229 ms - 146[0m
[0mPOST /ww.php [33m404 [0m0.213 ms - 146[0m
[0mPOST /zyc.php [33m404 [0m0.226 ms - 147[0m
[0mPOST /inde.php [33m404 [0m0.233 ms - 148[0m
[0mPOST /1.php [33m404 [0m0.259 ms - 145[0m
[0mPOST /MCLi.php [33m404 [0m0.206 ms - 148[0m
[0mPOST /MCLi.php [33m404 [0m0.198 ms - 148[0m
[0mPOST /coon.php [33m404 [0m0.219 ms - 148[0m
[0mPOST /1.php [33m404 [0m0.280 ms - 145[0m
[0mPOST /6.php [33m404 [0m0.276 ms - 145[0m
[0mPOST /d.php [33m404 [0m5.238 ms - 145[0m
[0mPOST /function.inc.php [33m404 [0m0.236 ms - 156[0m
[0mPOST /userr.php [33m404 [0m0.230 ms - 149[0m
[0mPOST /ysy.php [33m404 [0m0.182 ms - 147[0m
[0mPOST /3.php [33m404 [0m0.187 ms - 145[0m
[0mPOST /zxc.php [33m404 [0m0.232 ms - 147[0m
[0mPOST /Hzllaga.php [33m404 [0m0.188 ms - 151[0m
[0mPOST /inc.php [33m404 [0m0.188 ms - 147[0m
[0mPOST /webconfig.php [33m404 [0m0.227 ms - 153[0m
[0mPOST /code.php [33m404 [0m0.271 ms - 148[0m
[0mPOST /temtel.php [33m404 [0m0.192 ms - 150[0m
[0mPOST /data.php [33m404 [0m0.190 ms - 148[0m
[0mPOST /fuck.php [33m404 [0m0.182 ms - 148[0m
[0mPOST /.config.php [33m404 [0m0.228 ms - 151[0m
[0mPOST /test.php [33m404 [0m0.191 ms - 148[0m
[0mPOST /cron.php [33m404 [0m0.188 ms - 148[0m
[0mPOST /v.php [33m404 [0m0.189 ms - 145[0m
[0mPOST /zxc1.php [33m404 [0m0.222 ms - 148[0m
[0mPOST /zxc0.php [33m404 [0m0.226 ms - 148[0m
[0mPOST /zxc1.php [33m404 [0m0.236 ms - 148[0m
[0mPOST /zxc2.php [33m404 [0m0.191 ms - 148[0m
[0mPOST /indexa.php [33m404 [0m0.192 ms - 150[0m
[0mPOST /lx.php [33m404 [0m0.229 ms - 146[0m
[0mPOST /cn.php [33m404 [0m0.228 ms - 146[0m
[0mPOST /api.php [33m404 [0m0.191 ms - 147[0m
[0mPOST /index1.php [33m404 [0m0.228 ms - 150[0m
[0mPOST /info.php [33m404 [0m0.215 ms - 148[0m
[0mPOST /info1.php [33m404 [0m0.196 ms - 149[0m
[0mPOST /aaaaaa1.php [33m404 [0m0.190 ms - 151[0m
[0mPOST /up.php [33m404 [0m0.189 ms - 146[0m
[0mPOST /test123.php [33m404 [0m0.222 ms - 151[0m
[0mPOST /test123.php [33m404 [0m0.182 ms - 151[0m
[0mPOST /fb.php [33m404 [0m0.189 ms - 146[0m
[0mPOST /paylog.php [33m404 [0m0.228 ms - 150[0m
[0mPOST /paylog.php [33m404 [0m0.194 ms - 150[0m
[0mPOST /x.php [33m404 [0m0.195 ms - 145[0m
[0mPOST /cnm.php [33m404 [0m0.226 ms - 147[0m
[0mPOST /1ndex.php [33m404 [0m0.185 ms - 149[0m
[0mPOST /autoloader.php [33m404 [0m0.224 ms - 154[0m
[0mPOST /class1.php [33m404 [0m0.187 ms - 150[0m
[0mPOST /test404.php [33m404 [0m0.189 ms - 151[0m
[0mPOST /shi.php [33m404 [0m0.181 ms - 147[0m
[0mPOST /think.php [33m404 [0m0.192 ms - 149[0m
[0mPOST /back.php [33m404 [0m0.226 ms - 148[0m
[0mPOST /DJ.php [33m404 [0m0.226 ms - 146[0m
[0mPOST /.git.php [33m404 [0m0.258 ms - 148[0m
[0mPOST /shipu.php [33m404 [0m0.188 ms - 149[0m
[0mPOST /fantao.php [33m404 [0m0.236 ms - 150[0m
[0mPOST /config.php [33m404 [0m0.189 ms - 150[0m
[0mPOST /Config_Shell.php [33m404 [0m0.182 ms - 156[0m
[0mPOST /fdgq.php [33m404 [0m0.188 ms - 148[0m
[0mPOST /info.php [33m404 [0m0.203 ms - 148[0m
[0mPOST /51.php [33m404 [0m0.220 ms - 146[0m
[0mPOST /cadre.php [33m404 [0m0.226 ms - 149[0m
[0mPOST /mm.php [33m404 [0m0.182 ms - 146[0m
[0mPOST /test.php [33m404 [0m0.195 ms - 148[0m
[0mPOST /1q.php [33m404 [0m0.222 ms - 146[0m
[0mPOST /1111.php [33m404 [0m0.237 ms - 148[0m
[0mPOST /errors.php [33m404 [0m0.211 ms - 150[0m
[0mPOST /q.php [33m404 [0m0.191 ms - 145[0m
[0mPOST /lanyecn.php [33m404 [0m0.184 ms - 151[0m
[0mPOST /lanyecn.php [33m404 [0m0.179 ms - 151[0m
[0mPOST /mybestloves.php [33m404 [0m0.220 ms - 155[0m
[0mPOST /xiaoxi.php [33m404 [0m0.191 ms - 150[0m
[0mPOST /xiaoxi.php [33m404 [0m0.184 ms - 150[0m
[0mPOST /ww.php [33m404 [0m0.230 ms - 146[0m
[0mPOST /pop.php [33m404 [0m0.238 ms - 147[0m
[0mPOST /ok.php [33m404 [0m0.289 ms - 146[0m
[0mPOST /test.php [33m404 [0m0.193 ms - 148[0m
[0mPOST /conf.php [33m404 [0m0.238 ms - 148[0m
[0mPOST /dashu.php [33m404 [0m0.186 ms - 149[0m
[0mPOST /shell.php [33m404 [0m0.202 ms - 149[0m
[0mPOST /queqiao.php [33m404 [0m0.193 ms - 151[0m
[0mPOST /12345.php [33m404 [0m0.203 ms - 149[0m
[0mPOST /qqq.php [33m404 [0m0.215 ms - 147[0m
[0mPOST /15.php [33m404 [0m0.197 ms - 146[0m
[0mPOST /slider.php [33m404 [0m0.181 ms - 150[0m
[0mPOST /qunhuang.php [33m404 [0m0.185 ms - 152[0m
[0mPOST /hannan.php [33m404 [0m0.209 ms - 150[0m
[0mPOST /confie.php [33m404 [0m0.214 ms - 150[0m
[0mPOST /images/1.php [33m404 [0m0.196 ms - 152[0m
[0mPOST /images/asp.php [33m404 [0m0.216 ms - 154[0m
[0mPOST /images/entyy.php [33m404 [0m0.187 ms - 156[0m
[0mPOST /images/1ndex.php [33m404 [0m0.182 ms - 156[0m
[0mPOST /images/defau1t.php [33m404 [0m0.221 ms - 158[0m
[0mPOST /webconfig.txt.php [33m404 [0m0.233 ms - 157[0m
[0mPOST /administrator/webconfig.txt.php [33m404 [0m0.180 ms - 171[0m
[0mPOST /api.php [33m404 [0m0.178 ms - 147[0m
[0mPOST /luso.php [33m404 [0m0.181 ms - 148[0m
[0mPOST /1ndex.php [33m404 [0m0.226 ms - 149[0m
[0mPOST /indexbak.php [33m404 [0m0.217 ms - 152[0m
[0mPOST /xmlrpc.php [33m404 [0m0.218 ms - 150[0m
[0mPOST /blog/xmlrpc.php [33m404 [0m0.217 ms - 155[0m
[0mPOST /errors/processor.php [33m404 [0m0.200 ms - 160[0m
[0mPOST /vendor/phpunit/phpunit/src/Util/PHP/eval-stdin.php [33m404 [0m0.188 ms - 190[0m
[0mPOST /plus/90sec.php [33m404 [0m0.188 ms - 154[0m
[0mPOST /plus/read.php [33m404 [0m0.190 ms - 153[0m
[0mPOST /plus/moon.php [33m404 [0m0.215 ms - 153[0m
[0mPOST /plus/laobiao.php [33m404 [0m0.184 ms - 156[0m
[0mPOST /plus/laobiaoaien.php [33m404 [0m0.187 ms - 160[0m
[0mPOST /plus/e7xue.php [33m404 [0m0.196 ms - 154[0m
[0mPOST /plus/mybak.php [33m404 [0m0.239 ms - 154[0m
[0mPOST /plus/service.php [33m404 [0m0.189 ms - 156[0m
[0mPOST /plus/xsvip.php [33m404 [0m0.219 ms - 154[0m
[0mPOST /plus/bakup.php [33m404 [0m0.192 ms - 154[0m
[0mPOST /include/tags.php [33m404 [0m0.188 ms - 156[0m
[0mPOST /include/data/tags.php [33m404 [0m0.189 ms - 161[0m
[0mPOST /images/swfupload/tags.php [33m404 [0m0.192 ms - 165[0m
[0mPOST /dong.php [33m404 [0m0.224 ms - 148[0m
[0mPOST /xun.php [33m404 [0m0.186 ms - 147[0m
[0mPOST /plus/gu.php [33m404 [0m0.180 ms - 151[0m
[0mPOST /plus/tou.php [33m404 [0m0.191 ms - 152[0m
[0mPOST /plus/ma.php [33m404 [0m0.228 ms - 151[0m
[0mPOST /plus/mytag.php [33m404 [0m0.197 ms - 154[0m
[0mPOST /plus/dajihi.php [33m404 [0m0.185 ms - 155[0m
[0mPOST /plus/shaoyong.php [33m404 [0m0.220 ms - 157[0m
[0mPOST /datas.php [33m404 [0m0.177 ms - 149[0m
[0mPOST /aojiao.php [33m404 [0m0.182 ms - 150[0m
[0mPOST /guipu.php [33m404 [0m0.181 ms - 149[0m
[0mPOST /zhui.php [33m404 [0m0.186 ms - 148[0m
[0mPOST /plus/lucas.php [33m404 [0m0.218 ms - 154[0m
[0mPOST /plus/canshi.php [33m404 [0m0.220 ms - 155[0m
[0mPOST /plus/yunjitan.php [33m404 [0m0.191 ms - 157[0m
[0mPOST /ji.php [33m404 [0m0.191 ms - 146[0m
[0mPOST /xing.php [33m404 [0m0.214 ms - 148[0m
[0mPOST /plus/huai.php [33m404 [0m0.223 ms - 153[0m
[0mPOST /plus/qiang.php [33m404 [0m0.268 ms - 154[0m
[0mPOST /c.php [33m404 [0m0.181 ms - 145[0m
[0mPOST /c.php [33m404 [0m0.184 ms - 145[0m
[0mPOST /test.php [33m404 [0m0.183 ms - 148[0m
[0mPOST /laobiao.php [33m404 [0m0.223 ms - 151[0m
[0mPOST /wp-content/themes/thesis_182/comments.php [33m404 [0m0.184 ms - 181[0m
[0mPOST /wp-content/themes/thesis_182/lib/functions/launch.php [33m404 [0m0.184 ms - 193[0m
[0mPOST /wp-content/plugins/simple-301-redirects/redirects.php [33m404 [0m0.191 ms - 193[0m
[0mPOST /shell.php [33m404 [0m0.187 ms - 149[0m
[0mPOST /data/admin/help.php [33m404 [0m0.233 ms - 159[0m
[0mPOST /12.php [33m404 [0m0.189 ms - 146[0m
[0mPOST /ecmsmod.php [33m404 [0m0.220 ms - 151[0m
[0mPOST /index.php [33m404 [0m0.220 ms - 149[0m
[0mPOST /%75%73%65%72/%72%65%67%69%73%74%65%72?%65%6c%65%6d%65%6e%74%5f%70%61%72%65%6e%74%73=%74%69%6d%65%7a%6f%6e%65%2f%74%69%6d%65%7a%6f%6e%65%2f%23%76%61%6c%75%65&%61%6a%61%78%5f%66%6f%72%6d=1&%5f%77%72%61%70%70%65%72%5f%66%6f%72%6d%61%74=%64%72%75%70%61%6c%5f%61%6http://34.224.21.230/ [33m404 [0m0.171 ms - 177[0m
[0mPOST /%75%73%65%72%2e%70%68%70 [33m404 [0m0.201 ms - 164[0m
[0mPOST /%73%65%61%72%63%68%2e%70%68%70 [33m404 [0m0.193 ms - 170[0m
[0mGET /index.php [36m301 [0m0.188 ms - 185[0m
[0mGET /phpmyadmin/index.php [33m404 [0m0.239 ms - 159[0m
[0mGET /phpMyAdmin/index.php [33m404 [0m0.255 ms - 159[0m
[0mGET /pmd/index.php [33m404 [0m0.224 ms - 152[0m
[0mGET /pma/index.php [33m404 [0m0.251 ms - 152[0m
[0mGET /PMA/index.php [33m404 [0m0.196 ms - 152[0m
[0mGET /PMA2/index.php [33m404 [0m0.239 ms - 153[0m
[0mGET /pmamy/index.php [33m404 [0m0.219 ms - 154[0m
[0mGET /pmamy2/index.php [33m404 [0m0.207 ms - 155[0m
[0mGET /mysql/index.php [33m404 [0m0.208 ms - 154[0m
[0mGET /admin/index.php [33m404 [0m0.212 ms - 154[0m
[0mGET /db/index.php [33m404 [0m0.243 ms - 151[0m
[0mGET /dbadmin/index.php [33m404 [0m0.210 ms - 156[0m
[0mGET /web/phpMyAdmin/index.php [33m404 [0m0.220 ms - 163[0m
[0mGET /admin/pma/index.php [33m404 [0m0.209 ms - 158[0m
[0mGET /admin/PMA/index.php [33m404 [0m0.244 ms - 158[0m
[0mGET /admin/mysql/index.php [33m404 [0m0.216 ms - 160[0m
[0mGET /admin/mysql2/index.php [33m404 [0m0.279 ms - 161[0m
[0mGET /admin/phpmyadmin/index.php [33m404 [0m0.245 ms - 165[0m
[0mGET /admin/phpMyAdmin/index.php [33m404 [0m0.287 ms - 165[0m
[0mGET /admin/phpmyadmin2/index.php [33m404 [0m0.249 ms - 166[0m
[0mGET /mysqladmin/index.php [33m404 [0m0.213 ms - 159[0m
[0mGET /mysql-admin/index.php [33m404 [0m0.213 ms - 160[0m
[0mGET /mysql_admin/index.php [33m404 [0m0.216 ms - 160[0m
[0mGET /phpadmin/index.php [33m404 [0m0.248 ms - 157[0m
[0mGET /phpAdmin/index.php [33m404 [0m0.212 ms - 157[0m
[0mGET /phpmyadmin0/index.php [33m404 [0m0.211 ms - 160[0m
[0mGET /phpmyadmin1/index.php [33m404 [0m0.208 ms - 160[0m
[0mGET /phpmyadmin2/index.php [33m404 [0m0.272 ms - 160[0m
[0mGET /phpMyAdmin-4.4.0/index.php [33m404 [0m0.197 ms - 165[0m
[0mGET /myadmin/index.php [33m404 [0m0.252 ms - 156[0m
[0mGET /myadmin2/index.php [33m404 [0m0.246 ms - 157[0m
[0mGET /xampp/phpmyadmin/index.php [33m404 [0m0.220 ms - 165[0m
[0mGET /phpMyadmin_bak/index.php [33m404 [0m0.217 ms - 163[0m
[0mGET /www/phpMyAdmin/index.php [33m404 [0m0.212 ms - 163[0m
[0mGET /tools/phpMyAdmin/index.php [33m404 [0m0.245 ms - 165[0m
[0mGET /phpmyadmin-old/index.php [33m404 [0m0.250 ms - 163[0m
[0mGET /phpMyAdminold/index.php [33m404 [0m0.213 ms - 162[0m
[0mGET /phpMyAdmin.old/index.php [33m404 [0m0.213 ms - 163[0m
[0mGET /pma-old/index.php [33m404 [0m0.244 ms - 156[0m
[0mGET /claroline/phpMyAdmin/index.php [33m404 [0m0.250 ms - 169[0m
[0mGET /typo3/phpmyadmin/index.php [33m404 [0m0.233 ms - 165[0m
[0mGET /phpma/index.php [33m404 [0m0.241 ms - 154[0m
[0mGET /phpmyadmin/phpmyadmin/index.php [33m404 [0m0.208 ms - 170[0m
[0mGET /phpMyAdmin/phpMyAdmin/index.php [33m404 [0m0.220 ms - 170[0m
[0mGET /phpMyAbmin/index.php [33m404 [0m0.208 ms - 159[0m
[0mGET /phpMyAdmin__/index.php [33m404 [0m0.208 ms - 161[0m
[0mGET /phpMyAdmin+++---/index.php [33m404 [0m0.283 ms - 165[0m
[0mGET /v/index.php [33m404 [0m0.204 ms - 150[0m
[0mGET /phpmyadm1n/index.php [33m404 [0m0.212 ms - 159[0m
[0mGET /phpMyAdm1n/index.php [33m404 [0m0.205 ms - 159[0m
[0mGET /shaAdmin/index.php [33m404 [0m0.260 ms - 157[0m
[0mGET /phpMyadmi/index.php [33m404 [0m0.240 ms - 158[0m
[0mGET /phpMyAdmion/index.php [33m404 [0m0.231 ms - 160[0m
[0mGET /s/index.php [33m404 [0m0.218 ms - 150[0m
[0mGET /MyAdmin/index.php [33m404 [0m0.208 ms - 156[0m
[0mGET /phpMyAdmin1/index.php [33m404 [0m0.226 ms - 160[0m
[0mGET /phpMyAdmin123/index.php [33m404 [0m0.267 ms - 162[0m
[0mGET /pwd/index.php [33m404 [0m0.223 ms - 152[0m
[0mGET /phpMyAdmina/index.php [33m404 [0m0.229 ms - 160[0m
[0mGET /phpMydmin/index.php [33m404 [0m0.209 ms - 158[0m
[0mGET /phpMyAdmins/index.php [33m404 [0m0.280 ms - 160[0m
[0mGET /phpMyAdmin._/index.php [33m404 [0m0.208 ms - 161[0m
[0mGET /phpMyAdmin._2/index.php [33m404 [0m0.210 ms - 162[0m
[0mGET /phpmyadmin2222/index.php [33m404 [0m0.252 ms - 163[0m
[0mGET /phpmyadmin3333/index.php [33m404 [0m0.207 ms - 163[0m
[0mGET /php2MyAdmin/index.php [33m404 [0m0.253 ms - 160[0m
[0mGET /phpiMyAdmin/index.php [33m404 [0m0.210 ms - 160[0m
[0mGET /phpNyAdmin/index.php [33m404 [0m0.588 ms - 159[0m
[0mGET /1/index.php [33m404 [0m0.233 ms - 150[0m
[0mGET /download/index.php [33m404 [0m0.223 ms - 157[0m
[0mGET /phpMyAdmin_111/index.php [33m404 [0m0.230 ms - 163[0m
[0mGET /phpmadmin/index.php [33m404 [0m0.215 ms - 158[0m
[0mGET /321/index.php [33m404 [0m0.215 ms - 152[0m
[0mGET /123131/index.php [33m404 [0m0.210 ms - 155[0m
[0mGET /phpMyAdminn/index.php [33m404 [0m0.259 ms - 160[0m
[0mGET /phpMyAdminhf/index.php [33m404 [0m0.252 ms - 161[0m
[0mGET /sbb/index.php [33m404 [0m0.219 ms - 152[0m
[0mGET /program/index.php [33m404 [0m0.306 ms - 156[0m
[0mGET /shopdb/index.php [33m404 [0m0.217 ms - 155[0m
[0mGET /phppma/index.php [33m404 [0m0.203 ms - 155[0m
[0mGET /phpmy/index.php [33m404 [0m0.210 ms - 154[0m
[0mGET /mysql/admin/index.php [33m404 [0m0.248 ms - 160[0m
[0mGET /mysql/dbadmin/index.php [33m404 [0m0.244 ms - 162[0m
[0mGET /mysql/sqlmanager/index.php [33m404 [0m0.227 ms - 165[0m
[0mGET /mysql/mysqlmanager/index.php [33m404 [0m0.225 ms - 167[0m
[0mGET /wp-content/plugins/portable-phpmyadmin/wp-pma-mod/index.php [33m404 [0m0.246 ms - 198[0m
[0mGET /manager/html [33m404 [0m0.257 ms - 151[0m
[0mPOST /smartdomuspad/modules/reporting/track_import_export.php [33m404 [0m0.691 ms - 195[0m
[0mGET /1261617/ [32m200 [0m0.475 ms - 641[0m
[0mGET /1261617/style.css [32m200 [0m2.577 ms - 4080[0m
[0mGET /1261617/bundle.js [32m200 [0m1.438 ms - 141081[0m
[0mGET /main?id=1261617 [32m200 [0m7.402 ms - 1011[0m
[0mGET /paragraph?id=1261617 [32m200 [0m1.809 ms - 697[0m
logging id at picture controller => 1261617
[0mGET /pictures?id=1261617 [32m200 [0m2.293 ms - 528[0m
[0mGET /favicon.ico/ [36m304 [0m0.270 ms - -[0m
